<?xml version="1.0" encoding="UTF-8"?>
<!-- Generated by org.testng.reporters.JUnitXMLReporter -->
<testsuite hostname="DESKTOP-F4V5IMJ" ignored="0" name="Login" tests="4" failures="0" timestamp="2020-03-27T19:36:41 IST" time="51.264" errors="0">
  <testcase name="loginwithcorrectusername" time="13.314" classname="logintestcases.correctUserName"/>
  <testcase name="loginwithcorrectpswd" time="13.186" classname="logintestcases.correctPassWord"/>
  <testcase name="loginwithbothwrong" time="13.422" classname="logintestcases.BothWrong"/>
  <testcase name="loginwithcorrectusername" time="11.245" classname="logintestcases.BothCorrect"/>
</testsuite> <!-- Login -->
